<?xml version="1.0" encoding="UTF-8"?>
<!-- Generated by org.testng.reporters.JUnitReportReporter -->
<testsuite skipped="0" hostname="cdc2-d-48C1N62" name="com.tests.CaseStudy2" tests="1" failures="0" timestamp="29 Mar 2019 07:25:13 GMT" time="25.630" errors="0">
  <testcase name="Login" time="25.630" classname="com.tests.CaseStudy2"/>
</testsuite> <!-- com.tests.CaseStudy2 -->
